<?xml version="1.0" encoding="UTF-8"?>
<testsuite name="com.malrang.controller.ChatControllerTest" tests="3" skipped="0" failures="0" errors="0" timestamp="2024-09-05T09:29:18" hostname="DESKTOP-JQ0GIBG" time="0.873">
  <properties/>
  <testcase name="testChatList()" classname="com.malrang.controller.ChatControllerTest" time="0.825"/>
  <testcase name="testChatRoom()" classname="com.malrang.controller.ChatControllerTest" time="0.016"/>
  <testcase name="testChatListByFilter()" classname="com.malrang.controller.ChatControllerTest" time="0.029"/>
  <system-out><![CDATA[18:29:09.201 [Test worker] INFO org.springframework.test.context.support.AnnotationConfigContextLoaderUtils -- Could not detect default configuration classes for test class [com.malrang.controller.ChatControllerTest]: ChatControllerTest does not declare any static, non-private, non-final, nested classes annotated with @Configuration.
18:29:09.361 [Test worker] INFO org.springframework.boot.test.context.SpringBootTestContextBootstrapper -- Found @SpringBootConfiguration com.malrang.MalrangApplication for test class com.malrang.controller.ChatControllerTest

  .   ____          _            __ _ _
 /\\ / ___'_ __ _ _(_)_ __  __ _ \ \ \ \
( ( )\___ | '_ | '_| | '_ \/ _` | \ \ \ \
 \\/  ___)| |_)| | | | | || (_| |  ) ) ) )
  '  |____| .__|_| |_|_| |_\__, | / / / /
 =========|_|==============|___/=/_/_/_/
 :: Spring Boot ::                (v3.1.4)

2024-09-05T18:29:09.814+09:00  INFO 22068 --- [    Test worker] c.malrang.controller.ChatControllerTest  : Starting ChatControllerTest using Java 17.0.8.1 with PID 22068 (started by tpc7 in C:\git\malrang)
2024-09-05T18:29:09.816+09:00  INFO 22068 --- [    Test worker] c.malrang.controller.ChatControllerTest  : The following 1 profile is active: "oauth"
2024-09-05T18:29:10.710+09:00  INFO 22068 --- [    Test worker] .s.d.r.c.RepositoryConfigurationDelegate : Bootstrapping Spring Data JPA repositories in DEFAULT mode.
2024-09-05T18:29:10.883+09:00  INFO 22068 --- [    Test worker] .s.d.r.c.RepositoryConfigurationDelegate : Finished Spring Data repository scanning in 163 ms. Found 4 JPA repository interfaces.
2024-09-05T18:29:12.760+09:00  INFO 22068 --- [    Test worker] o.s.b.w.embedded.tomcat.TomcatWebServer  : Tomcat initialized with port(s): 0 (http)
2024-09-05T18:29:12.780+09:00  INFO 22068 --- [    Test worker] o.apache.catalina.core.StandardService   : Starting service [Tomcat]
2024-09-05T18:29:12.781+09:00  INFO 22068 --- [    Test worker] o.apache.catalina.core.StandardEngine    : Starting Servlet engine: [Apache Tomcat/10.1.13]
2024-09-05T18:29:12.907+09:00  INFO 22068 --- [    Test worker] o.a.c.c.C.[Tomcat].[localhost].[/]       : Initializing Spring embedded WebApplicationContext
2024-09-05T18:29:12.909+09:00  INFO 22068 --- [    Test worker] w.s.c.ServletWebServerApplicationContext : Root WebApplicationContext: initialization completed in 3069 ms
2024-09-05T18:29:13.104+09:00  INFO 22068 --- [    Test worker] o.hibernate.jpa.internal.util.LogHelper  : HHH000204: Processing PersistenceUnitInfo [name: default]
2024-09-05T18:29:13.190+09:00  INFO 22068 --- [    Test worker] org.hibernate.Version                    : HHH000412: Hibernate ORM core version 6.2.9.Final
2024-09-05T18:29:13.195+09:00  INFO 22068 --- [    Test worker] org.hibernate.cfg.Environment            : HHH000406: Using bytecode reflection optimizer
2024-09-05T18:29:13.401+09:00  INFO 22068 --- [    Test worker] o.h.b.i.BytecodeProviderInitiator        : HHH000021: Bytecode provider name : bytebuddy
2024-09-05T18:29:13.418+09:00  INFO 22068 --- [    Test worker] o.s.o.j.p.SpringPersistenceUnitInfo      : No LoadTimeWeaver setup: ignoring JPA class transformer
2024-09-05T18:29:13.442+09:00  INFO 22068 --- [    Test worker] com.zaxxer.hikari.HikariDataSource       : HikariPool-1 - Starting...
2024-09-05T18:29:13.632+09:00  INFO 22068 --- [    Test worker] com.zaxxer.hikari.pool.HikariPool        : HikariPool-1 - Added connection com.mysql.cj.jdbc.ConnectionImpl@301f9aa0
2024-09-05T18:29:13.636+09:00  INFO 22068 --- [    Test worker] com.zaxxer.hikari.HikariDataSource       : HikariPool-1 - Start completed.
2024-09-05T18:29:13.992+09:00  INFO 22068 --- [    Test worker] o.h.b.i.BytecodeProviderInitiator        : HHH000021: Bytecode provider name : bytebuddy
2024-09-05T18:29:14.672+09:00  INFO 22068 --- [    Test worker] o.h.e.t.j.p.i.JtaPlatformInitiator       : HHH000490: Using JtaPlatform implementation: [org.hibernate.engine.transaction.jta.platform.internal.NoJtaPlatform]
2024-09-05T18:29:15.060+09:00  INFO 22068 --- [    Test worker] j.LocalContainerEntityManagerFactoryBean : Initialized JPA EntityManagerFactory for persistence unit 'default'
2024-09-05T18:29:17.903+09:00  INFO 22068 --- [    Test worker] o.s.s.web.DefaultSecurityFilterChain     : Will secure any request with [org.springframework.security.web.session.DisableEncodeUrlFilter@3f7d20c5, org.springframework.security.web.context.request.async.WebAsyncManagerIntegrationFilter@142f0ac1, org.springframework.security.web.context.SecurityContextHolderFilter@2746b1cc, org.springframework.security.web.header.HeaderWriterFilter@77fa509a, org.springframework.security.web.authentication.logout.LogoutFilter@28d48616, org.springframework.security.oauth2.client.web.OAuth2AuthorizationRequestRedirectFilter@cf6a6eb, org.springframework.security.oauth2.client.web.OAuth2LoginAuthenticationFilter@33c5d3e, com.malrang.configuration.jwt.TokenAuthenticationFilter@21f9764, org.springframework.security.web.savedrequest.RequestCacheAwareFilter@4bb4adf7, org.springframework.security.web.servletapi.SecurityContextHolderAwareRequestFilter@7f5a5ef3, org.springframework.security.web.authentication.AnonymousAuthenticationFilter@1847da64, org.springframework.security.web.session.SessionManagementFilter@1abacff3, org.springframework.security.web.access.ExceptionTranslationFilter@a19fe87, org.springframework.security.web.access.intercept.AuthorizationFilter@353b5d86]
2024-09-05T18:29:17.908+09:00  WARN 22068 --- [    Test worker] o.s.s.c.a.web.builders.WebSecurity       : You are asking Spring Security to ignore Mvc [pattern='/img/**']. This is not recommended -- please use permitAll via HttpSecurity#authorizeHttpRequests instead.
2024-09-05T18:29:17.908+09:00  INFO 22068 --- [    Test worker] o.s.s.web.DefaultSecurityFilterChain     : Will not secure Mvc [pattern='/img/**']
2024-09-05T18:29:17.908+09:00  WARN 22068 --- [    Test worker] o.s.s.c.a.web.builders.WebSecurity       : You are asking Spring Security to ignore Mvc [pattern='/css/**']. This is not recommended -- please use permitAll via HttpSecurity#authorizeHttpRequests instead.
2024-09-05T18:29:17.908+09:00  INFO 22068 --- [    Test worker] o.s.s.web.DefaultSecurityFilterChain     : Will not secure Mvc [pattern='/css/**']
2024-09-05T18:29:17.909+09:00  WARN 22068 --- [    Test worker] o.s.s.c.a.web.builders.WebSecurity       : You are asking Spring Security to ignore Mvc [pattern='/js/**']. This is not recommended -- please use permitAll via HttpSecurity#authorizeHttpRequests instead.
2024-09-05T18:29:17.909+09:00  INFO 22068 --- [    Test worker] o.s.s.web.DefaultSecurityFilterChain     : Will not secure Mvc [pattern='/js/**']
2024-09-05T18:29:18.481+09:00  INFO 22068 --- [    Test worker] o.s.b.w.embedded.tomcat.TomcatWebServer  : Tomcat started on port(s): 57760 (http) with context path ''
2024-09-05T18:29:18.495+09:00  INFO 22068 --- [    Test worker] c.malrang.controller.ChatControllerTest  : Started ChatControllerTest in 8.969 seconds (process running for 10.438)
2024-09-05T18:29:19.146+09:00  INFO 22068 --- [o-auto-1-exec-1] o.a.c.c.C.[Tomcat].[localhost].[/]       : Initializing Spring DispatcherServlet 'dispatcherServlet'
2024-09-05T18:29:19.146+09:00  INFO 22068 --- [o-auto-1-exec-1] o.s.web.servlet.DispatcherServlet        : Initializing Servlet 'dispatcherServlet'
2024-09-05T18:29:19.147+09:00  INFO 22068 --- [o-auto-1-exec-1] o.s.web.servlet.DispatcherServlet        : Completed initialization in 1 ms
]]></system-out>
  <system-err><![CDATA[]]></system-err>
</testsuite>
