<?xml version="1.0" encoding="UTF-8"?>
<testsuite name="com.malrang.controller.ChatControllerTest" tests="3" skipped="0" failures="0" errors="0" timestamp="2024-09-05T09:39:55" hostname="DESKTOP-JQ0GIBG" time="0.716">
  <properties/>
  <testcase name="testChatList()" classname="com.malrang.controller.ChatControllerTest" time="0.673"/>
  <testcase name="testChatRoom()" classname="com.malrang.controller.ChatControllerTest" time="0.013"/>
  <testcase name="testChatListByFilter()" classname="com.malrang.controller.ChatControllerTest" time="0.026"/>
  <system-out><![CDATA[18:39:46.611 [Test worker] INFO org.springframework.test.context.support.AnnotationConfigContextLoaderUtils -- Could not detect default configuration classes for test class [com.malrang.controller.ChatControllerTest]: ChatControllerTest does not declare any static, non-private, non-final, nested classes annotated with @Configuration.
18:39:46.774 [Test worker] INFO org.springframework.boot.test.context.SpringBootTestContextBootstrapper -- Found @SpringBootConfiguration com.malrang.MalrangApplication for test class com.malrang.controller.ChatControllerTest

  .   ____          _            __ _ _
 /\\ / ___'_ __ _ _(_)_ __  __ _ \ \ \ \
( ( )\___ | '_ | '_| | '_ \/ _` | \ \ \ \
 \\/  ___)| |_)| | | | | || (_| |  ) ) ) )
  '  |____| .__|_| |_|_| |_\__, | / / / /
 =========|_|==============|___/=/_/_/_/
 :: Spring Boot ::                (v3.1.4)

2024-09-05T18:39:47.213+09:00  INFO 20132 --- [    Test worker] c.malrang.controller.ChatControllerTest  : Starting ChatControllerTest using Java 18.0.2.1 with PID 20132 (started by tpc7 in C:\git\malrang)
2024-09-05T18:39:47.215+09:00  INFO 20132 --- [    Test worker] c.malrang.controller.ChatControllerTest  : The following 1 profile is active: "oauth"
2024-09-05T18:39:48.176+09:00  INFO 20132 --- [    Test worker] .s.d.r.c.RepositoryConfigurationDelegate : Bootstrapping Spring Data JPA repositories in DEFAULT mode.
2024-09-05T18:39:48.332+09:00  INFO 20132 --- [    Test worker] .s.d.r.c.RepositoryConfigurationDelegate : Finished Spring Data repository scanning in 150 ms. Found 4 JPA repository interfaces.
2024-09-05T18:39:50.206+09:00  INFO 20132 --- [    Test worker] o.s.b.w.embedded.tomcat.TomcatWebServer  : Tomcat initialized with port(s): 0 (http)
2024-09-05T18:39:50.218+09:00  INFO 20132 --- [    Test worker] o.apache.catalina.core.StandardService   : Starting service [Tomcat]
2024-09-05T18:39:50.219+09:00  INFO 20132 --- [    Test worker] o.apache.catalina.core.StandardEngine    : Starting Servlet engine: [Apache Tomcat/10.1.13]
2024-09-05T18:39:50.353+09:00  INFO 20132 --- [    Test worker] o.a.c.c.C.[Tomcat].[localhost].[/]       : Initializing Spring embedded WebApplicationContext
2024-09-05T18:39:50.355+09:00  INFO 20132 --- [    Test worker] w.s.c.ServletWebServerApplicationContext : Root WebApplicationContext: initialization completed in 3115 ms
2024-09-05T18:39:50.526+09:00  INFO 20132 --- [    Test worker] o.hibernate.jpa.internal.util.LogHelper  : HHH000204: Processing PersistenceUnitInfo [name: default]
2024-09-05T18:39:50.607+09:00  INFO 20132 --- [    Test worker] org.hibernate.Version                    : HHH000412: Hibernate ORM core version 6.2.9.Final
2024-09-05T18:39:50.610+09:00  INFO 20132 --- [    Test worker] org.hibernate.cfg.Environment            : HHH000406: Using bytecode reflection optimizer
2024-09-05T18:39:50.776+09:00  INFO 20132 --- [    Test worker] o.h.b.i.BytecodeProviderInitiator        : HHH000021: Bytecode provider name : bytebuddy
2024-09-05T18:39:50.790+09:00  INFO 20132 --- [    Test worker] o.s.o.j.p.SpringPersistenceUnitInfo      : No LoadTimeWeaver setup: ignoring JPA class transformer
2024-09-05T18:39:50.810+09:00  INFO 20132 --- [    Test worker] com.zaxxer.hikari.HikariDataSource       : HikariPool-1 - Starting...
2024-09-05T18:39:50.982+09:00  INFO 20132 --- [    Test worker] com.zaxxer.hikari.pool.HikariPool        : HikariPool-1 - Added connection com.mysql.cj.jdbc.ConnectionImpl@5f8d4b51
2024-09-05T18:39:50.989+09:00  INFO 20132 --- [    Test worker] com.zaxxer.hikari.HikariDataSource       : HikariPool-1 - Start completed.
2024-09-05T18:39:51.319+09:00  INFO 20132 --- [    Test worker] o.h.b.i.BytecodeProviderInitiator        : HHH000021: Bytecode provider name : bytebuddy
2024-09-05T18:39:51.879+09:00  INFO 20132 --- [    Test worker] o.h.e.t.j.p.i.JtaPlatformInitiator       : HHH000490: Using JtaPlatform implementation: [org.hibernate.engine.transaction.jta.platform.internal.NoJtaPlatform]
2024-09-05T18:39:52.291+09:00  INFO 20132 --- [    Test worker] j.LocalContainerEntityManagerFactoryBean : Initialized JPA EntityManagerFactory for persistence unit 'default'
2024-09-05T18:39:55.195+09:00  INFO 20132 --- [    Test worker] o.s.s.web.DefaultSecurityFilterChain     : Will secure any request with [org.springframework.security.web.session.DisableEncodeUrlFilter@2ca93dee, org.springframework.security.web.context.request.async.WebAsyncManagerIntegrationFilter@430abcad, org.springframework.security.web.context.SecurityContextHolderFilter@814b60b, org.springframework.security.web.header.HeaderWriterFilter@34c31a34, org.springframework.security.web.authentication.logout.LogoutFilter@38499139, org.springframework.security.oauth2.client.web.OAuth2AuthorizationRequestRedirectFilter@7f5a5ef3, org.springframework.security.oauth2.client.web.OAuth2LoginAuthenticationFilter@4c53ce60, com.malrang.configuration.jwt.TokenAuthenticationFilter@1e11d73c, org.springframework.security.web.savedrequest.RequestCacheAwareFilter@197d6cc9, org.springframework.security.web.servletapi.SecurityContextHolderAwareRequestFilter@52bef30b, org.springframework.security.web.authentication.AnonymousAuthenticationFilter@373e3dac, org.springframework.security.web.session.SessionManagementFilter@375dc95c, org.springframework.security.web.access.ExceptionTranslationFilter@4ec25389, org.springframework.security.web.access.intercept.AuthorizationFilter@20c1cb0c]
2024-09-05T18:39:55.201+09:00  WARN 20132 --- [    Test worker] o.s.s.c.a.web.builders.WebSecurity       : You are asking Spring Security to ignore Mvc [pattern='/img/**']. This is not recommended -- please use permitAll via HttpSecurity#authorizeHttpRequests instead.
2024-09-05T18:39:55.202+09:00  INFO 20132 --- [    Test worker] o.s.s.web.DefaultSecurityFilterChain     : Will not secure Mvc [pattern='/img/**']
2024-09-05T18:39:55.202+09:00  WARN 20132 --- [    Test worker] o.s.s.c.a.web.builders.WebSecurity       : You are asking Spring Security to ignore Mvc [pattern='/css/**']. This is not recommended -- please use permitAll via HttpSecurity#authorizeHttpRequests instead.
2024-09-05T18:39:55.202+09:00  INFO 20132 --- [    Test worker] o.s.s.web.DefaultSecurityFilterChain     : Will not secure Mvc [pattern='/css/**']
2024-09-05T18:39:55.203+09:00  WARN 20132 --- [    Test worker] o.s.s.c.a.web.builders.WebSecurity       : You are asking Spring Security to ignore Mvc [pattern='/js/**']. This is not recommended -- please use permitAll via HttpSecurity#authorizeHttpRequests instead.
2024-09-05T18:39:55.203+09:00  INFO 20132 --- [    Test worker] o.s.s.web.DefaultSecurityFilterChain     : Will not secure Mvc [pattern='/js/**']
2024-09-05T18:39:55.725+09:00  INFO 20132 --- [    Test worker] o.s.b.w.embedded.tomcat.TomcatWebServer  : Tomcat started on port(s): 57886 (http) with context path ''
2024-09-05T18:39:55.736+09:00  INFO 20132 --- [    Test worker] c.malrang.controller.ChatControllerTest  : Started ChatControllerTest in 8.813 seconds (process running for 10.488)
2024-09-05T18:39:56.277+09:00  INFO 20132 --- [o-auto-1-exec-1] o.a.c.c.C.[Tomcat].[localhost].[/]       : Initializing Spring DispatcherServlet 'dispatcherServlet'
2024-09-05T18:39:56.277+09:00  INFO 20132 --- [o-auto-1-exec-1] o.s.web.servlet.DispatcherServlet        : Initializing Servlet 'dispatcherServlet'
2024-09-05T18:39:56.278+09:00  INFO 20132 --- [o-auto-1-exec-1] o.s.web.servlet.DispatcherServlet        : Completed initialization in 1 ms
]]></system-out>
  <system-err><![CDATA[]]></system-err>
</testsuite>
